#
# There is insufficient memory for the Java Runtime Environment to continue.
# Native memory allocation (mmap) failed to map 14680064 bytes for G1 virtual space
# Possible reasons:
#   The system is out of physical RAM or swap space
#   The process is running with CompressedOops enabled, and the Java Heap may be blocking the growth of the native heap
# Possible solutions:
#   Reduce memory load on the system
#   Increase physical memory or swap space
#   Check if swap backing store is full
#   Decrease Java heap size (-Xmx/-Xms)
#   Decrease number of Java threads
#   Decrease Java thread stack sizes (-Xss)
#   Set larger code cache with -XX:ReservedCodeCacheSize=
#   JVM is running with Unscaled Compressed Oops mode in which the Java heap is
#     placed in the first 4GB address space. The Java Heap base address is the
#     maximum limit for the native heap growth. Please use -XX:HeapBaseMinAddress
#     to set the Java Heap base and to place the Java Heap above 4GB virtual address.
# This output file may be truncated or incomplete.
#
#  Out of Memory Error (./open/src/hotspot/os/windows/os_windows.cpp:3472), pid=4880, tid=7088
#
# JRE version: OpenJDK Runtime Environment (15.0.1+9) (build 15.0.1+9-18)
# Java VM: OpenJDK 64-Bit Server VM (15.0.1+9-18, mixed mode, sharing, tiered, compressed oops, g1 gc, windows-amd64)
# No core dump will be written. Minidumps are not enabled by default on client versions of Windows
#

---------------  S U M M A R Y ------------

Command Line: -XX:TieredStopAtLevel=1 -Xverify:none -Dspring.output.ansi.enabled=always -Dcom.sun.management.jmxremote -Dspring.jmx.enabled=true -Dspring.liveBeansView.mbeanDomain -Dspring.application.admin.enabled=true -javaagent:C:\Program Files\JetBrains\IntelliJ IDEA 2020.2.3\lib\idea_rt.jar=50927:C:\Program Files\JetBrains\IntelliJ IDEA 2020.2.3\bin -Dfile.encoding=UTF-8 com.clinica.crudclinica.CrudclinicaApplication

Host: Intel(R) Core(TM) i5-4200U CPU @ 1.60GHz, 4 cores, 3G,  Windows 8.1 , 64 bit Build 9600 (6.3.9600.17056)
Time: Thu Oct 29 23:53:06 2020 Hora est. Pacífico, Sudamérica elapsed time: 4.479848 seconds (0d 0h 0m 4s)

---------------  T H R E A D  ---------------

Current thread (0x0000005d4353e810):  VMThread "VM Thread" [stack: 0x0000005d43dd0000,0x0000005d43ed0000] [id=7088]

Stack: [0x0000005d43dd0000,0x0000005d43ed0000]
[error occurred during error reporting (printing stack bounds), id 0xc0000005, EXCEPTION_ACCESS_VIOLATION (0xc0000005) at pc=0x0000005d2f6310ad]

Native frames: (J=compiled Java code, j=interpreted, Vv=VM code, C=native code)
V  [jvm.dll+0x62ae9a]
V  [jvm.dll+0x781389]
V  [jvm.dll+0x782ae3]
V  [jvm.dll+0x7830a5]
V  [jvm.dll+0x78305b]
V  [jvm.dll+0x62a2b9]
V  [jvm.dll+0x62aa88]
C  [ntdll.dll+0x9d82d]
C  [ntdll.dll+0x4916b]
C  [ntdll.dll+0x9c9ee]
C  0x0000005d2f6310ad

VM_Operation (0x0000005d466ad110): G1CollectForAllocation, mode: safepoint, requested by thread 0x0000005d457fc990


---------------  P R O C E S S  ---------------

Threads class SMR info:
_java_thread_list=0x0000005d46e88c60, length=14, elements={
0x0000005d27440290, 0x0000005d43542a60, 0x0000005d435450e0, 0x0000005d43558460,
0x0000005d4355bd40, 0x0000005d4355e610, 0x0000005d43561ef0, 0x0000005d4356bc80,
0x0000005d435cd4d0, 0x0000005d44c26b10, 0x0000005d44c26fe0, 0x0000005d453e0590,
0x0000005d457c6ff0, 0x0000005d457fc990
}

Java Threads: ( => current thread )
  0x0000005d27440290 JavaThread "main" [_thread_blocked, id=11416, stack(0x0000005d26ae0000,0x0000005d26be0000)]
  0x0000005d43542a60 JavaThread "Reference Handler" daemon [_thread_blocked, id=12036, stack(0x0000005d43ed0000,0x0000005d43fd0000)]
  0x0000005d435450e0 JavaThread "Finalizer" daemon [_thread_blocked, id=9500, stack(0x0000005d43fd0000,0x0000005d440d0000)]
  0x0000005d43558460 JavaThread "Signal Dispatcher" daemon [_thread_blocked, id=6632, stack(0x0000005d443f0000,0x0000005d444f0000)]
  0x0000005d4355bd40 JavaThread "Attach Listener" daemon [_thread_blocked, id=11552, stack(0x0000005d444f0000,0x0000005d445f0000)]
  0x0000005d4355e610 JavaThread "Service Thread" daemon [_thread_blocked, id=5088, stack(0x0000005d445f0000,0x0000005d446f0000)]
  0x0000005d43561ef0 JavaThread "C1 CompilerThread0" daemon [_thread_blocked, id=9912, stack(0x0000005d446f0000,0x0000005d447f0000)]
  0x0000005d4356bc80 JavaThread "Sweeper thread" daemon [_thread_blocked, id=10520, stack(0x0000005d447f0000,0x0000005d448f0000)]
  0x0000005d435cd4d0 JavaThread "Common-Cleaner" daemon [_thread_blocked, id=1880, stack(0x0000005d44cf0000,0x0000005d44df0000)]
  0x0000005d44c26b10 JavaThread "Monitor Ctrl-Break" daemon [_thread_in_native, id=9360, stack(0x0000005d44df0000,0x0000005d44ef0000)]
  0x0000005d44c26fe0 JavaThread "Notification Thread" daemon [_thread_blocked, id=8760, stack(0x0000005d44ef0000,0x0000005d44ff0000)]
  0x0000005d453e0590 JavaThread "RMI TCP Accept-0" daemon [_thread_in_native, id=3312, stack(0x0000005d45bd0000,0x0000005d45cd0000)]
  0x0000005d457c6ff0 JavaThread "Thread-0" [_thread_blocked, id=10572, stack(0x0000005d464b0000,0x0000005d465b0000)]
  0x0000005d457fc990 JavaThread "restartedMain" [_thread_blocked, id=3868, stack(0x0000005d465b0000,0x0000005d466b0000)]

Other Threads:
=>0x0000005d4353e810 VMThread "VM Thread" [stack: 0x0000005d43dd0000,0x0000005d43ed0000] [id=7088]
  0x0000005d27441320 WatcherThread [stack: 0x0000005d45cd0000,0x0000005d45dd0000] [id=11632]
  0x0000005d2746e0a0 GCTaskThread "GC Thread#0" [stack: 0x0000005d27280000,0x0000005d27380000] [id=9608]
  0x0000005d45460760 GCTaskThread "GC Thread#1" [stack: 0x0000005d461b0000,0x0000005d462b0000] [id=5484]
  0x0000005d45462da0 GCTaskThread "GC Thread#2" [stack: 0x0000005d469b0000,0x0000005d46ab0000] [id=10632]
  0x0000005d45460430 GCTaskThread "GC Thread#3" [stack: 0x0000005d46ab0000,0x0000005d46bb0000] [id=11860]
  0x0000005d27478040 ConcurrentGCThread "G1 Main Marker" [stack: 0x0000005d40b90000,0x0000005d40c90000] [id=6796]
  0x0000005d27479c40 ConcurrentGCThread "G1 Conc#0" [stack: 0x0000005d40c90000,0x0000005d40d90000] [id=11088]
  0x0000005d274c8fb0 ConcurrentGCThread "G1 Refine#0" [stack: 0x0000005d431d0000,0x0000005d432d0000] [id=8892]
  0x0000005d454e1f50 ConcurrentGCThread "G1 Refine#1" [stack: 0x0000005d462b0000,0x0000005d463b0000] [id=6656]
  0x0000005d454e0ba0 ConcurrentGCThread "G1 Refine#2" [stack: 0x0000005d463b0000,0x0000005d464b0000] [id=3496]
  0x0000005d274c9bb0 ConcurrentGCThread "G1 Young RemSet Sampling" [stack: 0x0000005d432d0000,0x0000005d433d0000] [id=5936]

Threads with active compile tasks:
C1 CompilerThread0     4502 2384       1       org.springframework.boot.autoconfigure.condition.FilteringSpringBootCondition::match (119 bytes)

VM state: at safepoint (normal execution)

VM Mutex/Monitor currently owned by a thread:  ([mutex/lock_event])
[0x0000005d2743baa0] Threads_lock - owner thread: 0x0000005d4353e810
[0x0000005d2743d000] Heap_lock - owner thread: 0x0000005d457fc990

Heap address: 0x00000000c1600000, size: 1002 MB, Compressed Oops mode: 32-bit
CDS archive(s) mapped at: [0x0000000800000000-0x0000000800b50000-0x0000000800b50000), size 11862016, SharedBaseAddress: 0x0000000800000000, ArchiveRelocationMode: 0.
Compressed class space mapped at: 0x0000000800b50000-0x0000000840b50000, size: 1073741824
Narrow klass base: 0x0000000800000000, Narrow klass shift: 3, Narrow klass range: 0x100000000

GC Precious Log:
 CPUs: 4 total, 4 available
 Memory: 4002M
 Large Page Support: Disabled
 NUMA Support: Disabled
 Compressed Oops: Enabled (32-bit)
 Heap Region Size: 1M
 Heap Min Capacity: 8M
 Heap Initial Capacity: 64M
 Heap Max Capacity: 1002M
 Pre-touch: Disabled
 Parallel Workers: 4
 Concurrent Workers: 1
 Concurrent Refinement Workers: 4
 Periodic GC: Disabled

Heap:
 garbage-first heap   total 79872K, used 10780K [0x00000000c1600000, 0x0000000100000000)
  region size 1024K, 4 young (4096K), 4 survivors (4096K)
 Metaspace       used 15849K, capacity 16111K, committed 16256K, reserved 1062912K
  class space    used 2021K, capacity 2133K, committed 2176K, reserved 1048576K

Heap Regions: E=young(eden), S=young(survivor), O=old, HS=humongous(starts), HC=humongous(continues), CS=collection set, F=free, OA=open archive, CA=closed archive, TAMS=top-at-mark-start (previous, next)
|   0|0x00000000c1600000, 0x00000000c1700000, 0x00000000c1700000|100%|HS|  |TAMS 0x00000000c1600000, 0x00000000c1600000| Complete 
|   1|0x00000000c1700000, 0x00000000c1800000, 0x00000000c1800000|100%| O|  |TAMS 0x00000000c1700000, 0x00000000c1700000| Untracked 
|   2|0x00000000c1800000, 0x00000000c1900000, 0x00000000c1900000|100%| O|  |TAMS 0x00000000c1800000, 0x00000000c1800000| Untracked 
|   3|0x00000000c1900000, 0x00000000c1a00000, 0x00000000c1a00000|100%| O|  |TAMS 0x00000000c1900000, 0x00000000c1900000| Untracked 
|   4|0x00000000c1a00000, 0x00000000c1b00000, 0x00000000c1b00000|100%| O|  |TAMS 0x00000000c1a00000, 0x00000000c1a00000| Untracked 
|   5|0x00000000c1b00000, 0x00000000c1c00000, 0x00000000c1c00000|100%| O|  |TAMS 0x00000000c1b00000, 0x00000000c1b00000| Untracked 
|   6|0x00000000c1c00000, 0x00000000c1d00000, 0x00000000c1d00000|100%| O|  |TAMS 0x00000000c1c00000, 0x00000000c1c00000| Untracked 
|   7|0x00000000c1d00000, 0x00000000c1d03200, 0x00000000c1e00000|  1%| O|  |TAMS 0x00000000c1d00000, 0x00000000c1d00000| Untracked 
|   8|0x00000000c1e00000, 0x00000000c1e00000, 0x00000000c1f00000|  0%| F|  |TAMS 0x00000000c1e00000, 0x00000000c1e00000| Untracked 
|   9|0x00000000c1f00000, 0x00000000c1f00000, 0x00000000c2000000|  0%| F|  |TAMS 0x00000000c1f00000, 0x00000000c1f00000| Untracked 
|  10|0x00000000c2000000, 0x00000000c2000000, 0x00000000c2100000|  0%| F|  |TAMS 0x00000000c2000000, 0x00000000c2000000| Untracked 
|  11|0x00000000c2100000, 0x00000000c2100000, 0x00000000c2200000|  0%| F|  |TAMS 0x00000000c2100000, 0x00000000c2100000| Untracked 
|  12|0x00000000c2200000, 0x00000000c2200000, 0x00000000c2300000|  0%| F|  |TAMS 0x00000000c2200000, 0x00000000c2200000| Untracked 
|  13|0x00000000c2300000, 0x00000000c2300000, 0x00000000c2400000|  0%| F|  |TAMS 0x00000000c2300000, 0x00000000c2300000| Untracked 
|  14|0x00000000c2400000, 0x00000000c2400000, 0x00000000c2500000|  0%| F|  |TAMS 0x00000000c2400000, 0x00000000c2400000| Untracked 
|  15|0x00000000c2500000, 0x00000000c2500000, 0x00000000c2600000|  0%| F|  |TAMS 0x00000000c2500000, 0x00000000c2500000| Untracked 
|  16|0x00000000c2600000, 0x00000000c2600000, 0x00000000c2700000|  0%| F|  |TAMS 0x00000000c2600000, 0x00000000c2600000| Untracked 
|  17|0x00000000c2700000, 0x00000000c2700000, 0x00000000c2800000|  0%| F|  |TAMS 0x00000000c2700000, 0x00000000c2700000| Untracked 
|  18|0x00000000c2800000, 0x00000000c2800000, 0x00000000c2900000|  0%| F|  |TAMS 0x00000000c2800000, 0x00000000c2800000| Untracked 
|  19|0x00000000c2900000, 0x00000000c2900000, 0x00000000c2a00000|  0%| F|  |TAMS 0x00000000c2900000, 0x00000000c2900000| Untracked 
|  20|0x00000000c2a00000, 0x00000000c2a00000, 0x00000000c2b00000|  0%| F|  |TAMS 0x00000000c2a00000, 0x00000000c2a00000| Untracked 
|  21|0x00000000c2b00000, 0x00000000c2b00000, 0x00000000c2c00000|  0%| F|  |TAMS 0x00000000c2b00000, 0x00000000c2b00000| Untracked 
|  22|0x00000000c2c00000, 0x00000000c2c83f00, 0x00000000c2d00000| 51%| S|CS|TAMS 0x00000000c2c00000, 0x00000000c2c00000| Complete 
|  23|0x00000000c2d00000, 0x00000000c2d00000, 0x00000000c2e00000|  0%| F|  |TAMS 0x00000000c2d00000, 0x00000000c2d00000| Untracked 
|  24|0x00000000c2e00000, 0x00000000c2f00000, 0x00000000c2f00000|100%| S|CS|TAMS 0x00000000c2e00000, 0x00000000c2e00000| Complete 
|  25|0x00000000c2f00000, 0x00000000c3000000, 0x00000000c3000000|100%| S|CS|TAMS 0x00000000c2f00000, 0x00000000c2f00000| Complete 
|  26|0x00000000c3000000, 0x00000000c3000000, 0x00000000c3100000|  0%| F|  |TAMS 0x00000000c3000000, 0x00000000c3000000| Untracked 
|  27|0x00000000c3100000, 0x00000000c3100000, 0x00000000c3200000|  0%| F|  |TAMS 0x00000000c3100000, 0x00000000c3100000| Untracked 
|  28|0x00000000c3200000, 0x00000000c3300000, 0x00000000c3300000|100%| S|CS|TAMS 0x00000000c3200000, 0x00000000c3200000| Complete 
|  29|0x00000000c3300000, 0x00000000c3300000, 0x00000000c3400000|  0%| F|  |TAMS 0x00000000c3300000, 0x00000000c3300000| Untracked 
|  30|0x00000000c3400000, 0x00000000c3400000, 0x00000000c3500000|  0%| F|  |TAMS 0x00000000c3400000, 0x00000000c3400000| Untracked 
|  31|0x00000000c3500000, 0x00000000c3500000, 0x00000000c3600000|  0%| F|  |TAMS 0x00000000c3500000, 0x00000000c3500000| Untracked 
|  32|0x00000000c3600000, 0x00000000c3600000, 0x00000000c3700000|  0%| F|  |TAMS 0x00000000c3600000, 0x00000000c3600000| Untracked 
|  33|0x00000000c3700000, 0x00000000c3700000, 0x00000000c3800000|  0%| F|  |TAMS 0x00000000c3700000, 0x00000000c3700000| Untracked 
|  34|0x00000000c3800000, 0x00000000c3800000, 0x00000000c3900000|  0%| F|  |TAMS 0x00000000c3800000, 0x00000000c3800000| Untracked 
|  35|0x00000000c3900000, 0x00000000c3900000, 0x00000000c3a00000|  0%| F|  |TAMS 0x00000000c3900000, 0x00000000c3900000| Untracked 
|  36|0x00000000c3a00000, 0x00000000c3a00000, 0x00000000c3b00000|  0%| F|  |TAMS 0x00000000c3a00000, 0x00000000c3a00000| Untracked 
|  37|0x00000000c3b00000, 0x00000000c3b00000, 0x00000000c3c00000|  0%| F|  |TAMS 0x00000000c3b00000, 0x00000000c3b00000| Untracked 
|  38|0x00000000c3c00000, 0x00000000c3c00000, 0x00000000c3d00000|  0%| F|  |TAMS 0x00000000c3c00000, 0x00000000c3c00000| Untracked 
|  39|0x00000000c3d00000, 0x00000000c3d00000, 0x00000000c3e00000|  0%| F|  |TAMS 0x00000000c3d00000, 0x00000000c3d00000| Untracked 
|  40|0x00000000c3e00000, 0x00000000c3e00000, 0x00000000c3f00000|  0%| F|  |TAMS 0x00000000c3e00000, 0x00000000c3e00000| Untracked 
|  41|0x00000000c3f00000, 0x00000000c3f00000, 0x00000000c4000000|  0%| F|  |TAMS 0x00000000c3f00000, 0x00000000c3f00000| Untracked 
|  42|0x00000000c4000000, 0x00000000c4000000, 0x00000000c4100000|  0%| F|  |TAMS 0x00000000c4000000, 0x00000000c4000000| Untracked 
|  43|0x00000000c4100000, 0x00000000c4100000, 0x00000000c4200000|  0%| F|  |TAMS 0x00000000c4100000, 0x00000000c4100000| Untracked 
|  44|0x00000000c4200000, 0x00000000c4200000, 0x00000000c4300000|  0%| F|  |TAMS 0x00000000c4200000, 0x00000000c4200000| Untracked 
|  45|0x00000000c4300000, 0x00000000c4300000, 0x00000000c4400000|  0%| F|  |TAMS 0x00000000c4300000, 0x00000000c4300000| Untracked 
|  46|0x00000000c4400000, 0x00000000c4400000, 0x00000000c4500000|  0%| F|  |TAMS 0x00000000c4400000, 0x00000000c4400000| Untracked 
|  47|0x00000000c4500000, 0x00000000c4500000, 0x00000000c4600000|  0%| F|  |TAMS 0x00000000c4500000, 0x00000000c4500000| Untracked 
|  48|0x00000000c4600000, 0x00000000c4600000, 0x00000000c4700000|  0%| F|  |TAMS 0x00000000c4600000, 0x00000000c4600000| Untracked 
|  49|0x00000000c4700000, 0x00000000c4700000, 0x00000000c4800000|  0%| F|  |TAMS 0x00000000c4700000, 0x00000000c4700000| Untracked 
|  50|0x00000000c4800000, 0x00000000c4800000, 0x00000000c4900000|  0%| F|  |TAMS 0x00000000c4800000, 0x00000000c4800000| Untracked 
|  51|0x00000000c4900000, 0x00000000c4900000, 0x00000000c4a00000|  0%| F|  |TAMS 0x00000000c4900000, 0x00000000c4900000| Untracked 
|  52|0x00000000c4a00000, 0x00000000c4a00000, 0x00000000c4b00000|  0%| F|  |TAMS 0x00000000c4a00000, 0x00000000c4a00000| Untracked 
|  53|0x00000000c4b00000, 0x00000000c4b00000, 0x00000000c4c00000|  0%| F|  |TAMS 0x00000000c4b00000, 0x00000000c4b00000| Untracked 
|  54|0x00000000c4c00000, 0x00000000c4c00000, 0x00000000c4d00000|  0%| F|  |TAMS 0x00000000c4c00000, 0x00000000c4c00000| Untracked 
|  55|0x00000000c4d00000, 0x00000000c4d00000, 0x00000000c4e00000|  0%| F|  |TAMS 0x00000000c4d00000, 0x00000000c4d00000| Untracked 
|  56|0x00000000c4e00000, 0x00000000c4e00000, 0x00000000c4f00000|  0%| F|  |TAMS 0x00000000c4e00000, 0x00000000c4e00000| Untracked 
|  57|0x00000000c4f00000, 0x00000000c4f00000, 0x00000000c5000000|  0%| F|  |TAMS 0x00000000c4f00000, 0x00000000c4f00000| Untracked 
|  58|0x00000000c5000000, 0x00000000c5000000, 0x00000000c5100000|  0%| F|  |TAMS 0x00000000c5000000, 0x00000000c5000000| Untracked 
|  59|0x00000000c5100000, 0x00000000c5100000, 0x00000000c5200000|  0%| F|  |TAMS 0x00000000c5100000, 0x00000000c5100000| Untracked 
|  60|0x00000000c5200000, 0x00000000c5200000, 0x00000000c5300000|  0%| F|  |TAMS 0x00000000c5200000, 0x00000000c5200000| Untracked 
|  61|0x00000000c5300000, 0x00000000c5300000, 0x00000000c5400000|  0%| F|  |TAMS 0x00000000c5300000, 0x00000000c5300000| Untracked 
|  62|0x00000000c5400000, 0x00000000c5400000, 0x00000000c5500000|  0%| F|  |TAMS 0x00000000c5400000, 0x00000000c5400000| Untracked 
|  63|0x00000000c5500000, 0x00000000c5500000, 0x00000000c5600000|  0%| F|  |TAMS 0x00000000c5500000, 0x00000000c5500000| Untracked 

Card table byte_map: [0x0000005d3e830000,0x0000005d3ea30000] _byte_map_base: 0x0000005d3e225000

Marking Bits (Prev, Next): (CMBitMap*) 0x0000005d2746e910, (CMBitMap*) 0x0000005d2746e950
 Prev Bits: [0x0000005d3ec30000, 0x0000005d3fbd8000)
 Next Bits: [0x0000005d3fbe0000, 0x0000005d40b88000)

Polling page: 0x0000005d26be0000

Metaspace:

Usage:
  Non-class:     13.65 MB capacity,    13.50 MB ( 99%) used,   124.26 KB ( <1%) free+waste,    26.31 KB ( <1%) overhead. 
      Class:      2.08 MB capacity,     1.97 MB ( 95%) used,    99.70 KB (  5%) free+waste,    11.63 KB ( <1%) overhead. 
       Both:     15.73 MB capacity,    15.48 MB ( 98%) used,   223.96 KB (  1%) free+waste,    37.94 KB ( <1%) overhead. 

Virtual space:
  Non-class space:       14.00 MB reserved,      13.75 MB ( 98%) committed 
      Class space:        1.00 GB reserved,       2.13 MB ( <1%) committed 
             Both:        1.01 GB reserved,      15.88 MB (  2%) committed 

Chunk freelists:
   Non-Class:  38.00 KB
       Class:  11.00 KB
        Both:  49.00 KB

MaxMetaspaceSize: 17179869184.00 GB
CompressedClassSpaceSize: 1.00 GB

CodeHeap 'non-profiled nmethods': size=238912Kb used=3561Kb max_used=3561Kb free=235350Kb
 bounds [0x0000005d2fce0000, 0x0000005d30060000, 0x0000005d3e630000]
CodeHeap 'non-nmethods': size=6848Kb used=1204Kb max_used=1204Kb free=5643Kb
 bounds [0x0000005d2f630000, 0x0000005d2f8a0000, 0x0000005d2fce0000]
 total_blobs=2853 nmethods=2382 adapters=398
 compilation: enabled
              stopped_count=0, restarted_count=0
 full_count=0

Compilation events (20 events):
Event: 4.455 Thread 0x0000005d43561ef0 nmethod 2375 0x0000005d30056110 code [0x0000005d30056320, 0x0000005d300567d8]
Event: 4.455 Thread 0x0000005d43561ef0 2376       1       java.security.AccessController::doPrivileged (17 bytes)
Event: 4.455 Thread 0x0000005d43561ef0 nmethod 2376 0x0000005d30056b10 code [0x0000005d30056cc0, 0x0000005d30056df8]
Event: 4.455 Thread 0x0000005d43561ef0 2373       1       java.lang.invoke.LambdaFormEditor$TransformKey::of (49 bytes)
Event: 4.456 Thread 0x0000005d43561ef0 nmethod 2373 0x0000005d30056f10 code [0x0000005d300570c0, 0x0000005d300573f8]
Event: 4.456 Thread 0x0000005d43561ef0 2374       1       java.lang.invoke.LambdaFormEditor$TransformKey::packedBytes (32 bytes)
Event: 4.456 Thread 0x0000005d43561ef0 nmethod 2374 0x0000005d30057510 code [0x0000005d300576a0, 0x0000005d30057738]
Event: 4.458 Thread 0x0000005d43561ef0 2377       1       java.lang.Class::getDeclaredConstructor (31 bytes)
Event: 4.459 Thread 0x0000005d43561ef0 nmethod 2377 0x0000005d30057810 code [0x0000005d30057a00, 0x0000005d30057d38]
Event: 4.460 Thread 0x0000005d43561ef0 2378       1       jdk.internal.reflect.ClassFileAssembler::emitConstantPoolClass (23 bytes)
Event: 4.461 Thread 0x0000005d43561ef0 nmethod 2378 0x0000005d30057f90 code [0x0000005d30058160, 0x0000005d30058388]
Event: 4.462 Thread 0x0000005d43561ef0 2379       1       org.springframework.core.type.classreading.SimpleAnnotationMetadataReadingVisitor::visitInnerClass (81 bytes)
Event: 4.462 Thread 0x0000005d43561ef0 nmethod 2379 0x0000005d30058590 code [0x0000005d300587a0, 0x0000005d30058b48]
Event: 4.462 Thread 0x0000005d43561ef0 2382       1       java.lang.Class::copyConstructors (38 bytes)
Event: 4.463 Thread 0x0000005d43561ef0 nmethod 2382 0x0000005d30058e10 code [0x0000005d30059000, 0x0000005d300593f8]
Event: 4.463 Thread 0x0000005d43561ef0 2381   !   1       org.springframework.core.type.filter.AssignableTypeFilter::matchTargetType (72 bytes)
Event: 4.465 Thread 0x0000005d43561ef0 nmethod 2381 0x0000005d30059690 code [0x0000005d300598c0, 0x0000005d30059d08]
Event: 4.465 Thread 0x0000005d43561ef0 2386       1       java.util.Spliterator::forEachRemaining (11 bytes)
Event: 4.465 Thread 0x0000005d43561ef0 nmethod 2386 0x0000005d3005a190 code [0x0000005d3005a320, 0x0000005d3005a448]
Event: 4.465 Thread 0x0000005d43561ef0 2384       1       org.springframework.boot.autoconfigure.condition.FilteringSpringBootCondition::match (119 bytes)

GC Heap History (11 events):
Event: 1.503 GC heap before
{Heap before GC invocations=0 (full 0):
 garbage-first heap   total 65536K, used 13312K [0x00000000c1600000, 0x0000000100000000)
  region size 1024K, 13 young (13312K), 0 survivors (0K)
 Metaspace       used 5479K, capacity 5711K, committed 5888K, reserved 1056768K
  class space    used 642K, capacity 704K, committed 768K, reserved 1048576K
}
Event: 1.519 GC heap after
{Heap after GC invocations=1 (full 0):
 garbage-first heap   total 65536K, used 6676K [0x00000000c1600000, 0x0000000100000000)
  region size 1024K, 2 young (2048K), 2 survivors (2048K)
 Metaspace       used 5479K, capacity 5711K, committed 5888K, reserved 1056768K
  class space    used 642K, capacity 704K, committed 768K, reserved 1048576K
}
Event: 1.813 GC heap before
{Heap before GC invocations=1 (full 0):
 garbage-first heap   total 65536K, used 12820K [0x00000000c1600000, 0x0000000100000000)
  region size 1024K, 9 young (9216K), 2 survivors (2048K)
 Metaspace       used 6850K, capacity 7117K, committed 7296K, reserved 1056768K
  class space    used 806K, capacity 874K, committed 896K, reserved 1048576K
}
Event: 1.820 GC heap after
{Heap after GC invocations=2 (full 0):
 garbage-first heap   total 65536K, used 7399K [0x00000000c1600000, 0x0000000100000000)
  region size 1024K, 1 young (1024K), 1 survivors (1024K)
 Metaspace       used 6850K, capacity 7117K, committed 7296K, reserved 1056768K
  class space    used 806K, capacity 874K, committed 896K, reserved 1048576K
}
Event: 1.839 GC heap before
{Heap before GC invocations=2 (full 0):
 garbage-first heap   total 65536K, used 27879K [0x00000000c1600000, 0x0000000100000000)
  region size 1024K, 22 young (22528K), 1 survivors (1024K)
 Metaspace       used 6850K, capacity 7117K, committed 7296K, reserved 1056768K
  class space    used 806K, capacity 874K, committed 896K, reserved 1048576K
}
Event: 1.841 GC heap after
{Heap after GC invocations=3 (full 0):
 garbage-first heap   total 65536K, used 7377K [0x00000000c1600000, 0x0000000100000000)
  region size 1024K, 1 young (1024K), 1 survivors (1024K)
 Metaspace       used 6850K, capacity 7117K, committed 7296K, reserved 1056768K
  class space    used 806K, capacity 874K, committed 896K, reserved 1048576K
}
Event: 2.970 GC heap before
{Heap before GC invocations=3 (full 0):
 garbage-first heap   total 65536K, used 44241K [0x00000000c1600000, 0x0000000100000000)
  region size 1024K, 38 young (38912K), 1 survivors (1024K)
 Metaspace       used 11035K, capacity 11338K, committed 11520K, reserved 1058816K
  class space    used 1395K, capacity 1466K, committed 1536K, reserved 1048576K
}
Event: 3.005 GC heap after
{Heap after GC invocations=4 (full 0):
 garbage-first heap   total 65536K, used 8431K [0x00000000c1600000, 0x0000000100000000)
  region size 1024K, 2 young (2048K), 2 survivors (2048K)
 Metaspace       used 11035K, capacity 11338K, committed 11520K, reserved 1058816K
  class space    used 1395K, capacity 1466K, committed 1536K, reserved 1048576K
}
Event: 3.836 GC heap before
{Heap before GC invocations=4 (full 0):
 garbage-first heap   total 65536K, used 44271K [0x00000000c1600000, 0x0000000100000000)
  region size 1024K, 38 young (38912K), 2 survivors (2048K)
 Metaspace       used 14723K, capacity 15003K, committed 15104K, reserved 1062912K
  class space    used 1876K, capacity 1961K, committed 2048K, reserved 1048576K
}
Event: 3.844 GC heap after
{Heap after GC invocations=5 (full 0):
 garbage-first heap   total 65536K, used 9624K [0x00000000c1600000, 0x0000000100000000)
  region size 1024K, 3 young (3072K), 3 survivors (3072K)
 Metaspace       used 14723K, capacity 15003K, committed 15104K, reserved 1062912K
  class space    used 1876K, capacity 1961K, committed 2048K, reserved 1048576K
}
Event: 4.466 GC heap before
{Heap before GC invocations=5 (full 0):
 garbage-first heap   total 65536K, used 44440K [0x00000000c1600000, 0x0000000100000000)
  region size 1024K, 38 young (38912K), 3 survivors (3072K)
 Metaspace       used 15849K, capacity 16111K, committed 16256K, reserved 1062912K
  class space    used 2021K, capacity 2133K, committed 2176K, reserved 1048576K
}

Deoptimization events (0 events):
No events

Classes unloaded (0 events):
No events

Classes redefined (0 events):
No events

Internal exceptions (20 events):
Event: 3.199 Thread 0x0000005d458eae90 Exception <a 'java/lang/NoSuchMethodError'{0x00000000c4d5dc48}: 'long java.lang.invoke.DirectMethodHandle$Holder.invokeStaticInit(java.lang.Object, java.lang.Object)'> (0x00000000c4d5dc48) 
thrown [./open/src/hotspot/share/interpreter/linkResolver.cpp, line 782]
Event: 3.203 Thread 0x0000005d458eae90 Exception <a 'java/lang/NoSuchMethodError'{0x00000000c4d87778}: 'long java.lang.invoke.DirectMethodHandle$Holder.invokeInterface(java.lang.Object, java.lang.Object)'> (0x00000000c4d87778) 
thrown [./open/src/hotspot/share/interpreter/linkResolver.cpp, line 782]
Event: 3.204 Thread 0x0000005d458eae90 Exception <a 'java/lang/IncompatibleClassChangeError'{0x00000000c4d8aed8}: Found class java.lang.Object, but interface was expected> (0x00000000c4d8aed8) 
thrown [./open/src/hotspot/share/interpreter/linkResolver.cpp, line 848]
Event: 3.240 Thread 0x0000005d458eae90 Exception <a 'java/lang/NoSuchMethodError'{0x00000000c4c5c028}: 'java.lang.Object java.lang.invoke.DirectMethodHandle$Holder.invokeVirtual(java.lang.Object, java.lang.Object, java.lang.Object, java.lang.Object)'> (0x00000000c4c5c028) 
thrown [./open/src/hotspot/share/interpreter/linkResolver.cpp, line 782]
Event: 3.391 Thread 0x0000005d457fc990 Exception <a 'java/lang/ClassNotFoundException'{0x00000000c4ab4020}: java/lang/ObjectCustomizer> (0x00000000c4ab4020) 
thrown [./open/src/hotspot/share/classfile/systemDictionary.cpp, line 295]
Event: 3.398 Thread 0x0000005d457fc990 Exception <a 'java/lang/IncompatibleClassChangeError'{0x00000000c4ab8dc0}: Found class java.lang.Object, but interface was expected> (0x00000000c4ab8dc0) 
thrown [./open/src/hotspot/share/interpreter/linkResolver.cpp, line 848]
Event: 3.439 Thread 0x0000005d457fc990 Exception <a 'java/lang/ClassNotFoundException'{0x00000000c4adb250}: org/springframework/context/annotation/ConfigurationClassPostProcessorCustomizer> (0x00000000c4adb250) 
thrown [./open/src/hotspot/share/classfile/systemDictionary.cpp, line 295]
Event: 3.462 Thread 0x0000005d457fc990 Exception <a 'java/lang/ClassNotFoundException'{0x00000000c4937608}: org/springframework/beans/factory/support/BeanDefinitionRegistryPostProcessorCustomizer> (0x00000000c4937608) 
thrown [./open/src/hotspot/share/classfile/systemDictionary.cpp, line 295]
Event: 3.463 Thread 0x0000005d457fc990 Exception <a 'java/lang/ClassNotFoundException'{0x00000000c493d4c0}: org/springframework/beans/factory/config/BeanFactoryPostProcessorCustomizer> (0x00000000c493d4c0) 
thrown [./open/src/hotspot/share/classfile/systemDictionary.cpp, line 295]
Event: 3.465 Thread 0x0000005d457fc990 Exception <a 'java/lang/ClassNotFoundException'{0x00000000c4943090}: org/springframework/core/PriorityOrderedCustomizer> (0x00000000c4943090) 
thrown [./open/src/hotspot/share/classfile/systemDictionary.cpp, line 295]
Event: 3.466 Thread 0x0000005d457fc990 Exception <a 'java/lang/ClassNotFoundException'{0x00000000c4947850}: org/springframework/core/OrderedCustomizer> (0x00000000c4947850) 
thrown [./open/src/hotspot/share/classfile/systemDictionary.cpp, line 295]
Event: 3.468 Thread 0x0000005d457fc990 Exception <a 'java/lang/ClassNotFoundException'{0x00000000c494d2d8}: org/springframework/context/ResourceLoaderAwareCustomizer> (0x00000000c494d2d8) 
thrown [./open/src/hotspot/share/classfile/systemDictionary.cpp, line 295]
Event: 3.469 Thread 0x0000005d457fc990 Exception <a 'java/lang/ClassNotFoundException'{0x00000000c4952e40}: org/springframework/beans/factory/AwareCustomizer> (0x00000000c4952e40) 
thrown [./open/src/hotspot/share/classfile/systemDictionary.cpp, line 295]
Event: 3.470 Thread 0x0000005d457fc990 Exception <a 'java/lang/ClassNotFoundException'{0x00000000c4957b10}: org/springframework/beans/factory/BeanClassLoaderAwareCustomizer> (0x00000000c4957b10) 
thrown [./open/src/hotspot/share/classfile/systemDictionary.cpp, line 295]
Event: 3.471 Thread 0x0000005d457fc990 Exception <a 'java/lang/ClassNotFoundException'{0x00000000c495d8e0}: org/springframework/beans/factory/AwareCustomizer> (0x00000000c495d8e0) 
thrown [./open/src/hotspot/share/classfile/systemDictionary.cpp, line 295]
Event: 3.471 Thread 0x0000005d457fc990 Exception <a 'java/lang/ClassNotFoundException'{0x00000000c4962228}: org/springframework/context/EnvironmentAwareCustomizer> (0x00000000c4962228) 
thrown [./open/src/hotspot/share/classfile/systemDictionary.cpp, line 295]
Event: 3.472 Thread 0x0000005d457fc990 Exception <a 'java/lang/ClassNotFoundException'{0x00000000c4967cf8}: org/springframework/beans/factory/AwareCustomizer> (0x00000000c4967cf8) 
thrown [./open/src/hotspot/share/classfile/systemDictionary.cpp, line 295]
Event: 3.734 Thread 0x0000005d457fc990 Exception <a 'java/lang/NoSuchMethodError'{0x00000000c468e9d0}: 'int java.lang.invoke.DirectMethodHandle$Holder.invokeSpecialIFC(java.lang.Object, java.lang.Object, java.lang.Object, java.lang.Object)'> (0x00000000c468e9d0) 
thrown [./open/src/hotspot/share/interpreter/linkResolver.cpp, line 782]
Event: 3.982 Thread 0x0000005d457fc990 Exception <a 'java/lang/IncompatibleClassChangeError'{0x00000000c412a148}: Found class java.lang.Object, but interface was expected> (0x00000000c412a148) 
thrown [./open/src/hotspot/share/interpreter/linkResolver.cpp, line 848]
Event: 4.044 Thread 0x0000005d457fc990 Exception <a 'java/lang/NoSuchMethodError'{0x00000000c40e7860}: 'void java.lang.invoke.DirectMethodHandle$Holder.invokeInterface(java.lang.Object, java.lang.Object, java.lang.Object, java.lang.Object)'> (0x00000000c40e7860) 
thrown [./open/src/hotspot/share/interpreter/linkResolver.cpp, line 782]

Events (20 events):
Event: 3.541 loading class java/util/regex/Pattern$Loop
Event: 3.541 loading class java/util/regex/Pattern$Loop done
Event: 3.541 loading class java/util/regex/Pattern$LazyLoop done
Event: 3.541 loading class java/util/regex/Pattern$Prolog
Event: 3.544 loading class java/util/regex/Pattern$Prolog done
Event: 3.711 loading class java/lang/TypeNotPresentException
Event: 3.711 loading class java/lang/TypeNotPresentException done
Event: 3.799 Thread 0x0000005d45965fe0 Thread added: 0x0000005d45965fe0
Event: 3.836 Executing VM operation: G1CollectForAllocation
Event: 3.844 Executing VM operation: G1CollectForAllocation done
Event: 3.844 Executing VM operation: HandshakeAllThreads
Event: 3.844 Executing VM operation: HandshakeAllThreads done
Event: 3.877 loading class javax/naming/ldap/LdapContext
Event: 3.878 loading class javax/naming/directory/DirContext
Event: 3.879 loading class javax/naming/directory/DirContext done
Event: 3.879 loading class javax/naming/ldap/LdapContext done
Event: 3.924 Thread 0x0000005d45965fe0 Thread exited: 0x0000005d45965fe0
Event: 4.227 loading class java/io/UnsupportedEncodingException
Event: 4.227 loading class java/io/UnsupportedEncodingException done
Event: 4.465 Executing VM operation: G1CollectForAllocation


Dynamic libraries:
0x00007ff628fa0000 - 0x00007ff628fad000 	C:\Users\DAVID HOSPINAL\.jdks\openjdk-15.0.1\bin\java.exe
0x00007ffe64e20000 - 0x00007ffe64fca000 	C:\WINDOWS\SYSTEM32\ntdll.dll
0x00007ffe62c80000 - 0x00007ffe62dba000 	C:\WINDOWS\system32\KERNEL32.DLL
0x00007ffe622b0000 - 0x00007ffe623bf000 	C:\WINDOWS\system32\KERNELBASE.dll
0x00007ffe3e200000 - 0x00007ffe3e218000 	C:\Users\DAVID HOSPINAL\.jdks\openjdk-15.0.1\bin\jli.dll
0x00007ffe3e1e0000 - 0x00007ffe3e1f9000 	C:\Users\DAVID HOSPINAL\.jdks\openjdk-15.0.1\bin\VCRUNTIME140.dll
0x00007ffe40330000 - 0x00007ffe40334000 	C:\Users\DAVID HOSPINAL\.jdks\openjdk-15.0.1\bin\api-ms-win-crt-stdio-l1-1-0.dll
0x00007ffe402a0000 - 0x00007ffe402a4000 	C:\Users\DAVID HOSPINAL\.jdks\openjdk-15.0.1\bin\api-ms-win-crt-runtime-l1-1-0.dll
0x00007ffe40000000 - 0x00007ffe40003000 	C:\Users\DAVID HOSPINAL\.jdks\openjdk-15.0.1\bin\api-ms-win-crt-environment-l1-1-0.dll
0x00007ffe3f260000 - 0x00007ffe3f265000 	C:\Users\DAVID HOSPINAL\.jdks\openjdk-15.0.1\bin\api-ms-win-crt-math-l1-1-0.dll
0x00007ffe3ee40000 - 0x00007ffe3ee43000 	C:\Users\DAVID HOSPINAL\.jdks\openjdk-15.0.1\bin\api-ms-win-crt-locale-l1-1-0.dll
0x00007ffe3ec10000 - 0x00007ffe3ec13000 	C:\Users\DAVID HOSPINAL\.jdks\openjdk-15.0.1\bin\api-ms-win-crt-heap-l1-1-0.dll
0x00007ffe5f3a0000 - 0x00007ffe5f5fa000 	C:\WINDOWS\WinSxS\amd64_microsoft.windows.common-controls_6595b64144ccf1df_6.0.9600.17031_none_6242a4b3ecbb55a1\COMCTL32.dll
0x00007ffe648e0000 - 0x00007ffe64a51000 	C:\WINDOWS\system32\USER32.dll
0x00007ffe3e1d0000 - 0x00007ffe3e1d3000 	C:\Users\DAVID HOSPINAL\.jdks\openjdk-15.0.1\bin\api-ms-win-crt-filesystem-l1-1-0.dll
0x00007ffe3e1c0000 - 0x00007ffe3e1c4000 	C:\Users\DAVID HOSPINAL\.jdks\openjdk-15.0.1\bin\api-ms-win-crt-string-l1-1-0.dll
0x00007ffe3e1b0000 - 0x00007ffe3e1b4000 	C:\Users\DAVID HOSPINAL\.jdks\openjdk-15.0.1\bin\api-ms-win-crt-convert-l1-1-0.dll
0x00007ffe64c50000 - 0x00007ffe64cf7000 	C:\WINDOWS\system32\msvcrt.dll
0x00007ffe64790000 - 0x00007ffe648d4000 	C:\WINDOWS\system32\GDI32.dll
0x00007ffe20100000 - 0x00007ffe201fa000 	C:\Users\DAVID HOSPINAL\.jdks\openjdk-15.0.1\bin\ucrtbase.DLL
0x00007ffe63260000 - 0x00007ffe63294000 	C:\WINDOWS\system32\IMM32.DLL
0x00007ffe626c0000 - 0x00007ffe627f9000 	C:\WINDOWS\system32\MSCTF.dll
0x00007ffe3e1a0000 - 0x00007ffe3e1ac000 	C:\Users\DAVID HOSPINAL\.jdks\openjdk-15.0.1\bin\vcruntime140_1.dll
0x00007ffe20060000 - 0x00007ffe200f1000 	C:\Users\DAVID HOSPINAL\.jdks\openjdk-15.0.1\bin\msvcp140.dll
0x00007ffe3e190000 - 0x00007ffe3e193000 	C:\Users\DAVID HOSPINAL\.jdks\openjdk-15.0.1\bin\api-ms-win-crt-time-l1-1-0.dll
0x00007ffe3e180000 - 0x00007ffe3e183000 	C:\Users\DAVID HOSPINAL\.jdks\openjdk-15.0.1\bin\api-ms-win-crt-utility-l1-1-0.dll
0x00007ffe1e8d0000 - 0x00007ffe1f42e000 	C:\Users\DAVID HOSPINAL\.jdks\openjdk-15.0.1\bin\server\jvm.dll
0x00007ffe64d70000 - 0x00007ffe64e15000 	C:\WINDOWS\system32\ADVAPI32.dll
0x00007ffe5b130000 - 0x00007ffe5b139000 	C:\WINDOWS\SYSTEM32\WSOCK32.dll
0x00007ffe5e010000 - 0x00007ffe5e02f000 	C:\WINDOWS\SYSTEM32\WINMM.dll
0x00007ffe5b040000 - 0x00007ffe5b04a000 	C:\WINDOWS\SYSTEM32\VERSION.dll
0x00007ffe64d60000 - 0x00007ffe64d67000 	C:\WINDOWS\system32\PSAPI.DLL
0x00007ffe62b80000 - 0x00007ffe62bd7000 	C:\WINDOWS\SYSTEM32\sechost.dll
0x00007ffe62860000 - 0x00007ffe62997000 	C:\WINDOWS\system32\RPCRT4.dll
0x00007ffe63200000 - 0x00007ffe63258000 	C:\WINDOWS\system32\WS2_32.dll
0x00007ffe5dfe0000 - 0x00007ffe5e00a000 	C:\WINDOWS\SYSTEM32\WINMMBASE.dll
0x00007ffe64c40000 - 0x00007ffe64c49000 	C:\WINDOWS\system32\NSI.dll
0x00007ffe62260000 - 0x00007ffe622aa000 	C:\WINDOWS\SYSTEM32\cfgmgr32.dll
0x00007ffe61020000 - 0x00007ffe61046000 	C:\WINDOWS\SYSTEM32\DEVOBJ.dll
0x00007ffe3e170000 - 0x00007ffe3e17a000 	C:\Users\DAVID HOSPINAL\.jdks\openjdk-15.0.1\bin\jimage.dll
0x00007ffe51870000 - 0x00007ffe519f8000 	C:\WINDOWS\SYSTEM32\DBGHELP.DLL
0x00007ffe3c910000 - 0x00007ffe3c91e000 	C:\Users\DAVID HOSPINAL\.jdks\openjdk-15.0.1\bin\instrument.dll
0x00007ffe3d450000 - 0x00007ffe3d475000 	C:\Users\DAVID HOSPINAL\.jdks\openjdk-15.0.1\bin\java.dll
0x00007ffe63360000 - 0x00007ffe6477f000 	C:\WINDOWS\system32\SHELL32.dll
0x00007ffe629a0000 - 0x00007ffe62b76000 	C:\WINDOWS\SYSTEM32\combase.dll
0x00007ffe62800000 - 0x00007ffe62851000 	C:\WINDOWS\system32\SHLWAPI.dll
0x00007ffe60650000 - 0x00007ffe606ef000 	C:\WINDOWS\SYSTEM32\SHCORE.dll
0x00007ffe62190000 - 0x00007ffe621a4000 	C:\WINDOWS\SYSTEM32\profapi.dll
0x00007ffe202b0000 - 0x00007ffe202c8000 	C:\Users\DAVID HOSPINAL\.jdks\openjdk-15.0.1\bin\zip.dll
0x00007ffe21bb0000 - 0x00007ffe21bc9000 	C:\Users\DAVID HOSPINAL\.jdks\openjdk-15.0.1\bin\net.dll
0x00007ffe5b060000 - 0x00007ffe5b125000 	C:\WINDOWS\SYSTEM32\WINHTTP.dll
0x00007ffe61a50000 - 0x00007ffe61aa8000 	C:\WINDOWS\system32\mswsock.dll
0x00007ffe21b90000 - 0x00007ffe21ba2000 	C:\Users\DAVID HOSPINAL\.jdks\openjdk-15.0.1\bin\nio.dll
0x00007ffe1da00000 - 0x00007ffe1da1a000 	C:\Program Files\JetBrains\IntelliJ IDEA 2020.2.3\bin\breakgen64.dll
0x00007ffe61860000 - 0x00007ffe61903000 	C:\WINDOWS\SYSTEM32\DNSAPI.dll
0x00007ffe4c100000 - 0x00007ffe4c109000 	C:\Windows\System32\rasadhlp.dll
0x00007ffe5daa0000 - 0x00007ffe5db08000 	C:\WINDOWS\System32\fwpuclnt.dll
0x00007ffe25640000 - 0x00007ffe25649000 	C:\Users\DAVID HOSPINAL\.jdks\openjdk-15.0.1\bin\management.dll
0x00007ffe202a0000 - 0x00007ffe202ab000 	C:\Users\DAVID HOSPINAL\.jdks\openjdk-15.0.1\bin\management_ext.dll
0x00007ffe61ab0000 - 0x00007ffe61ace000 	C:\WINDOWS\SYSTEM32\CRYPTSP.dll
0x00007ffe616f0000 - 0x00007ffe61725000 	C:\WINDOWS\system32\rsaenh.dll
0x00007ffe61ce0000 - 0x00007ffe61d06000 	C:\WINDOWS\SYSTEM32\bcrypt.dll
0x00007ffe61800000 - 0x00007ffe6181e000 	C:\WINDOWS\SYSTEM32\USERENV.dll
0x00007ffe62000000 - 0x00007ffe62060000 	C:\WINDOWS\system32\bcryptprimitives.dll
0x00007ffe62060000 - 0x00007ffe6206a000 	C:\WINDOWS\SYSTEM32\CRYPTBASE.dll
0x00007ffe5df30000 - 0x00007ffe5df59000 	C:\WINDOWS\SYSTEM32\IPHLPAPI.DLL
0x00007ffe5df00000 - 0x00007ffe5df0a000 	C:\WINDOWS\SYSTEM32\WINNSI.DLL
0x00007ffe5d780000 - 0x00007ffe5d794000 	C:\WINDOWS\SYSTEM32\dhcpcsvc6.DLL
0x00007ffe5dbb0000 - 0x00007ffe5dbc9000 	C:\WINDOWS\SYSTEM32\dhcpcsvc.DLL
0x00007ffe514c0000 - 0x00007ffe514d4000 	C:\WINDOWS\system32\napinsp.dll
0x00007ffe514a0000 - 0x00007ffe514b9000 	C:\WINDOWS\system32\pnrpnsp.dll
0x00007ffe5e760000 - 0x00007ffe5e779000 	C:\WINDOWS\system32\NLAapi.dll
0x00007ffe51490000 - 0x00007ffe5149c000 	C:\WINDOWS\System32\winrnr.dll
0x00007ffe51470000 - 0x00007ffe51483000 	C:\WINDOWS\system32\wshbth.dll

dbghelp: loaded successfully - version: 4.0.5 - missing functions: none
symbol engine: initialized successfully - sym options: 0x614 - pdb path: .;C:\Users\DAVID HOSPINAL\.jdks\openjdk-15.0.1\bin;C:\WINDOWS\SYSTEM32;C:\WINDOWS\WinSxS\amd64_microsoft.windows.common-controls_6595b64144ccf1df_6.0.9600.17031_none_6242a4b3ecbb55a1;C:\Users\DAVID HOSPINAL\.jdks\openjdk-15.0.1\bin\server;C:\Program Files\JetBrains\IntelliJ IDEA 2020.2.3\bin

VM Arguments:
jvm_args: -XX:TieredStopAtLevel=1 -Xverify:none -Dspring.output.ansi.enabled=always -Dcom.sun.management.jmxremote -Dspring.jmx.enabled=true -Dspring.liveBeansView.mbeanDomain -Dspring.application.admin.enabled=true -javaagent:C:\Program Files\JetBrains\IntelliJ IDEA 2020.2.3\lib\idea_rt.jar=50927:C:\Program Files\JetBrains\IntelliJ IDEA 2020.2.3\bin -Dfile.encoding=UTF-8 
java_command: com.clinica.crudclinica.CrudclinicaApplication
java_class_path (initial): C:\Users\DAVID HOSPINAL\Desktop\dsdtarea01-main\crudclinica\target\classes;C:\Users\DAVID HOSPINAL\.m2\repository\org\springframework\boot\spring-boot-starter-data-jpa\2.3.4.RELEASE\spring-boot-starter-data-jpa-2.3.4.RELEASE.jar;C:\Users\DAVID HOSPINAL\.m2\repository\org\springframework\boot\spring-boot-starter-aop\2.3.4.RELEASE\spring-boot-starter-aop-2.3.4.RELEASE.jar;C:\Users\DAVID HOSPINAL\.m2\repository\org\springframework\spring-aop\5.2.9.RELEASE\spring-aop-5.2.9.RELEASE.jar;C:\Users\DAVID HOSPINAL\.m2\repository\org\aspectj\aspectjweaver\1.9.6\aspectjweaver-1.9.6.jar;C:\Users\DAVID HOSPINAL\.m2\repository\org\springframework\boot\spring-boot-starter-jdbc\2.3.4.RELEASE\spring-boot-starter-jdbc-2.3.4.RELEASE.jar;C:\Users\DAVID HOSPINAL\.m2\repository\com\zaxxer\HikariCP\3.4.5\HikariCP-3.4.5.jar;C:\Users\DAVID HOSPINAL\.m2\repository\org\springframework\spring-jdbc\5.2.9.RELEASE\spring-jdbc-5.2.9.RELEASE.jar;C:\Users\DAVID HOSPINAL\.m2\repository\jakarta\transaction\jakarta.transaction-api\1.3.3\jakarta.transaction-api-1.3.3.jar;C:\Users\DAVID HOSPINAL\.m2\repository\jakarta\persistence\jakarta.persistence-api\2.2.3\jakarta.persistence-api-2.2.3.jar;C:\Users\DAVID HOSPINAL\.m2\repository\org\hibernate\hibernate-core\5.4.21.Final\hibernate-core-5.4.21.Final.jar;C:\Users\DAVID HOSPINAL\.m2\repository\org\jboss\logging\jboss-logging\3.4.1.Final\jboss-logging-3.4.1.Final.jar;C:\Users\DAVID HOSPINAL\.m2\repository\org\javassist\javassist\3.24.0-GA\javassist-3.24.0-GA.jar;C:\Users\DAVID HOSPINAL\.m2\repository\net\bytebuddy\byte-buddy\1.10.14\byte-buddy-1.10.14.jar;C:\Users\DAVID HOSPINAL\.m2\repository\antlr\antlr\2.7.7\antlr-2.7.7.jar;C:\Users\DAVID HOSPINAL\.m2\repository\org\jboss\jandex\2.1.3.Final\jandex-2.1.3.Final.jar;C:\Users\DAVID HOSPINAL\.m2\repository\com\fasterxml\classmate\1.5.1\classmate-1.5.1.jar;C:\Users\DAVID HOSPINAL\.m2\repository\org\dom4j\dom4j\2.1.3\dom4j-2.1.3.jar;C:\Users\DAVID HOSPINAL\.m2\repository\org\hibernat
Launcher Type: SUN_STANDARD

[Global flags]
     intx CICompilerCount                          = 3                                         {product} {ergonomic}
     uint ConcGCThreads                            = 1                                         {product} {ergonomic}
     uint G1ConcRefinementThreads                  = 4                                         {product} {ergonomic}
   size_t G1HeapRegionSize                         = 1048576                                   {product} {ergonomic}
    uintx GCDrainStackTargetSize                   = 64                                        {product} {ergonomic}
   size_t InitialHeapSize                          = 67108864                                  {product} {ergonomic}
     bool ManagementServer                         = true                                      {product} {command line}
   size_t MarkStackSize                            = 4194304                                   {product} {ergonomic}
   size_t MaxHeapSize                              = 1050673152                                {product} {ergonomic}
   size_t MaxNewSize                               = 630194176                                 {product} {ergonomic}
   size_t MinHeapDeltaBytes                        = 1048576                                   {product} {ergonomic}
   size_t MinHeapSize                              = 8388608                                   {product} {ergonomic}
    uintx NonNMethodCodeHeapSize                   = 6973028                                {pd product} {ergonomic}
    uintx NonProfiledCodeHeapSize                  = 244685212                              {pd product} {ergonomic}
    uintx ProfiledCodeHeapSize                     = 0                                      {pd product} {ergonomic}
    uintx ReservedCodeCacheSize                    = 251658240                              {pd product} {ergonomic}
     bool SegmentedCodeCache                       = true                                      {product} {ergonomic}
   size_t SoftMaxHeapSize                          = 1050673152                             {manageable} {ergonomic}
     intx TieredStopAtLevel                        = 1                                         {product} {command line}
     bool UseCompressedClassPointers               = true                                 {lp64_product} {ergonomic}
     bool UseCompressedOops                        = true                                 {lp64_product} {ergonomic}
     bool UseG1GC                                  = true                                      {product} {ergonomic}
     bool UseLargePagesIndividualAllocation        = false                                  {pd product} {ergonomic}

Logging:
Log output configuration:
 #0: stdout all=warning uptime,level,tags
 #1: stderr all=off uptime,level,tags

Environment Variables:
PATH=C:\ProgramData\Oracle\Java\javapath;c:\Program Files (x86)\Intel\iCLS Client\;c:\Program Files\Intel\iCLS Client\;C:\WINDOWS\system32;C:\WINDOWS;C:\WINDOWS\System32\Wbem;C:\WINDOWS\System32\WindowsPowerShell\v1.0\;C:\Program Files (x86)\Intel\OpenCL SDK\3.0\bin\x86;C:\Program Files (x86)\Intel\OpenCL SDK\3.0\bin\x64;C:\Program Files (x86)\Windows Live\Shared;C:\Program Files\Intel\WiFi\bin\;C:\Program Files\Common Files\Intel\WirelessCommon\;c:\Program Files (x86)\Microsoft SQL Server\100\Tools\Binn\;c:\Program Files\Microsoft SQL Server\100\Tools\Binn\;c:\Program Files\Microsoft SQL Server\100\DTS\Binn\;C:\Program Files\Microsoft SQL Server\110\Tools\Binn\;C:\Program Files\Microsoft SQL Server\120\DTS\Binn\;C:\Program Files\Microsoft SQL Server\Client SDK\ODBC\110\Tools\Binn\;C:\Program Files (x86)\Microsoft SQL Server\120\Tools\Binn\;C:\Program Files\Microsoft SQL Server\120\Tools\Binn\;C:\Program Files (x86)\Microsoft SQL Server\120\Tools\Binn\ManagementStudio\;C:\Program Files (x86)\Microsoft SQL Server\120\DTS\Binn\;C:\Program Files (x86)\IBM\RationalSDLC\common;C:\Program Files\Intel\Intel(R) Management Engine Components\DAL;C:\Program Files (x86)\Intel\Intel(R) Management Engine Components\DAL;C:\Program Files\Intel\Intel(R) Management Engine Components\IPT;C:\Program Files (x86)\Intel\Intel(R) Management Engine Components\IPT;C:\Program Files (x86)\infogridpacific\AZARDI\bin;C:\Program Files (x86)\infogridpacific\AZARDI\bin;C:\Program Files\MySQL\MySQL Shell 8.0\bin\
USERNAME=DAVID HOSPINAL
OS=Windows_NT
PROCESSOR_IDENTIFIER=Intel64 Family 6 Model 69 Stepping 1, GenuineIntel



---------------  S Y S T E M  ---------------

OS:
 Windows 8.1 , 64 bit Build 9600 (6.3.9600.17056)
OS uptime: 4 days 1:33 hours

CPU: total 4 (initial active 4) (2 cores per cpu, 2 threads per core) family 6 model 69 stepping 1 microcode 0x10, cmov, cx8, fxsr, mmx, sse, sse2, sse3, ssse3, sse4.1, sse4.2, popcnt, vzeroupper, avx, avx2, aes, clmul, erms, lzcnt, ht, tsc, tscinvbit, bmi1, bmi2, fma, clflush

Memory: 4k page, system-wide physical 4002M (241M free)
TotalPageFile size 10272M (AvailPageFile size 17M)
current process WorkingSet (physical memory assigned to process): 110M, peak: 110M
current process commit charge ("private bytes"): 162M, peak: 176M

vm_info: OpenJDK 64-Bit Server VM (15.0.1+9-18) for windows-amd64 JRE (15.0.1+9-18), built on Sep 15 2020 14:39:31 by "mach5one" with unknown MS VC++:1925

END.
